<?xml version="1.0" encoding="UTF-8"?>
<robot generator="Robot 7.0.1 (Python 3.12.3 on win32)" generated="2025-05-27T02:38:49.699468" rpa="false" schemaversion="5">
<suite id="s1" name="Profiles" source="C:\Users\ricardo.maloloy-on\OneDrive - Quantrics\Desktop\Bell Canada\Repositories\github-com\external\robotframework\profiles.robot">
<test id="s1-t1" name="Search And Assert With All Profiles" line="9">
<kw name="Get File">
<kw name="Get File">
<kw name="Get File">
<kw name="Get File">
<kw name="Get File">
<kw name="Get File">
<kw name="Get File">
<kw name="Get File">
<kw name="Get File">
<kw name="Get File">
<kw name="Get File">
<kw name="Get File">
<kw name="Get File">
<kw name="Get File">
<kw name="Get File">
<kw name="Get File">
<kw name="Get File">
<kw name="Get File">
<kw name="Get File">
<kw name="Get File">
<kw name="Get File">
<kw name="Get File">
<kw name="Get File">
<kw name="Get File">
<kw name="Get File">
<kw name="Get File">
<kw name="Get File">
<kw name="Get File">
<kw name="Get File">
<kw name="Get File">
<kw name="Get File">
<kw name="Get File">
<kw name="Get File">
<kw name="Get File">
<kw name="Get File">
<kw name="Get File">
<kw name="Get File">
<kw name="Get File">
<kw name="Get File">
<kw name="Get File">
<kw name="Get File">
<kw name="Get File">
<kw name="Get File">
<kw name="Get File">
<kw name="Get File">
<kw name="Get File">
<kw name="Get File">
<kw name="Get File">
<kw name="Get File">
<kw name="Get File">
<kw name="Get File">
<kw name="Get File">
<kw name="Get File">
<kw name="Get File">
<kw name="Get File">
<kw name="Get File">
<kw name="Get File">
<kw name="Get File">
<kw name="Get File">
<kw name="Get File">
<kw name="Get File">
<kw name="Get File">
<kw name="Get File">
<kw name="Get File">
<kw name="Get File">
<kw name="Get File">
<kw name="Get File">
<kw name="Get File">
<kw name="Get File">
<kw name="Get File">
<kw name="Get File">
<kw name="Get File">
<kw name="Get File">
<kw name="Get File">
<kw name="Get File">
<kw name="Get File">
<kw name="Get File">
<kw name="Get File">
<kw name="Get File">
<kw name="Get File">
<kw name="Get File">
<kw name="Get File">
<kw name="Get File">
<kw name="Get File">
<kw name="Get File">
<kw name="Get File">
<kw name="Get File">
<kw name="Get File">
<kw name="Get File">
<kw name="Get File">
<kw name="Get File">
<kw name="Get File">
<kw name="Get File">
<kw name="Get File">
<kw name="Get File">
<kw name="Get File">
<kw name="Get File">
<kw name="Get File">
<kw name="Get File">
<kw name="Get File">
<msg time="2025-05-27T02:38:49.753081" level="FAIL">Maximum limit of started keywords and control structures exceeded.</msg>
<var>${content}</var>
<arg>${file_path}</arg>
<status status="FAIL" start="2025-05-27T02:38:49.753081" elapsed="0.000000">Maximum limit of started keywords and control structures exceeded.</status>
</kw>
<msg time="2025-05-27T02:38:49.754084" level="FAIL">Maximum limit of started keywords and control structures exceeded.</msg>
<var>${content}</var>
<arg>${file_path}</arg>
<status status="FAIL" start="2025-05-27T02:38:49.753081" elapsed="0.001003">Maximum limit of started keywords and control structures exceeded.</status>
</kw>
<msg time="2025-05-27T02:38:49.754084" level="FAIL">Maximum limit of started keywords and control structures exceeded.</msg>
<var>${content}</var>
<arg>${file_path}</arg>
<status status="FAIL" start="2025-05-27T02:38:49.753081" elapsed="0.001003">Maximum limit of started keywords and control structures exceeded.</status>
</kw>
<msg time="2025-05-27T02:38:49.754084" level="FAIL">Maximum limit of started keywords and control structures exceeded.</msg>
<var>${content}</var>
<arg>${file_path}</arg>
<status status="FAIL" start="2025-05-27T02:38:49.753081" elapsed="0.001003">Maximum limit of started keywords and control structures exceeded.</status>
</kw>
<msg time="2025-05-27T02:38:49.754084" level="FAIL">Maximum limit of started keywords and control structures exceeded.</msg>
<var>${content}</var>
<arg>${file_path}</arg>
<status status="FAIL" start="2025-05-27T02:38:49.753081" elapsed="0.001003">Maximum limit of started keywords and control structures exceeded.</status>
</kw>
<msg time="2025-05-27T02:38:49.754084" level="FAIL">Maximum limit of started keywords and control structures exceeded.</msg>
<var>${content}</var>
<arg>${file_path}</arg>
<status status="FAIL" start="2025-05-27T02:38:49.752087" elapsed="0.001997">Maximum limit of started keywords and control structures exceeded.</status>
</kw>
<msg time="2025-05-27T02:38:49.754084" level="FAIL">Maximum limit of started keywords and control structures exceeded.</msg>
<var>${content}</var>
<arg>${file_path}</arg>
<status status="FAIL" start="2025-05-27T02:38:49.752087" elapsed="0.001997">Maximum limit of started keywords and control structures exceeded.</status>
</kw>
<msg time="2025-05-27T02:38:49.755079" level="FAIL">Maximum limit of started keywords and control structures exceeded.</msg>
<var>${content}</var>
<arg>${file_path}</arg>
<status status="FAIL" start="2025-05-27T02:38:49.752087" elapsed="0.002992">Maximum limit of started keywords and control structures exceeded.</status>
</kw>
<msg time="2025-05-27T02:38:49.755079" level="FAIL">Maximum limit of started keywords and control structures exceeded.</msg>
<var>${content}</var>
<arg>${file_path}</arg>
<status status="FAIL" start="2025-05-27T02:38:49.752087" elapsed="0.002992">Maximum limit of started keywords and control structures exceeded.</status>
</kw>
<msg time="2025-05-27T02:38:49.755079" level="FAIL">Maximum limit of started keywords and control structures exceeded.</msg>
<var>${content}</var>
<arg>${file_path}</arg>
<status status="FAIL" start="2025-05-27T02:38:49.752087" elapsed="0.002992">Maximum limit of started keywords and control structures exceeded.</status>
</kw>
<msg time="2025-05-27T02:38:49.755079" level="FAIL">Maximum limit of started keywords and control structures exceeded.</msg>
<var>${content}</var>
<arg>${file_path}</arg>
<status status="FAIL" start="2025-05-27T02:38:49.752087" elapsed="0.002992">Maximum limit of started keywords and control structures exceeded.</status>
</kw>
<msg time="2025-05-27T02:38:49.755079" level="FAIL">Maximum limit of started keywords and control structures exceeded.</msg>
<var>${content}</var>
<arg>${file_path}</arg>
<status status="FAIL" start="2025-05-27T02:38:49.752087" elapsed="0.002992">Maximum limit of started keywords and control structures exceeded.</status>
</kw>
<msg time="2025-05-27T02:38:49.755079" level="FAIL">Maximum limit of started keywords and control structures exceeded.</msg>
<var>${content}</var>
<arg>${file_path}</arg>
<status status="FAIL" start="2025-05-27T02:38:49.752087" elapsed="0.002992">Maximum limit of started keywords and control structures exceeded.</status>
</kw>
<msg time="2025-05-27T02:38:49.755079" level="FAIL">Maximum limit of started keywords and control structures exceeded.</msg>
<var>${content}</var>
<arg>${file_path}</arg>
<status status="FAIL" start="2025-05-27T02:38:49.751079" elapsed="0.004000">Maximum limit of started keywords and control structures exceeded.</status>
</kw>
<msg time="2025-05-27T02:38:49.755079" level="FAIL">Maximum limit of started keywords and control structures exceeded.</msg>
<var>${content}</var>
<arg>${file_path}</arg>
<status status="FAIL" start="2025-05-27T02:38:49.751079" elapsed="0.004000">Maximum limit of started keywords and control structures exceeded.</status>
</kw>
<msg time="2025-05-27T02:38:49.755079" level="FAIL">Maximum limit of started keywords and control structures exceeded.</msg>
<var>${content}</var>
<arg>${file_path}</arg>
<status status="FAIL" start="2025-05-27T02:38:49.751079" elapsed="0.004000">Maximum limit of started keywords and control structures exceeded.</status>
</kw>
<msg time="2025-05-27T02:38:49.756086" level="FAIL">Maximum limit of started keywords and control structures exceeded.</msg>
<var>${content}</var>
<arg>${file_path}</arg>
<status status="FAIL" start="2025-05-27T02:38:49.751079" elapsed="0.005007">Maximum limit of started keywords and control structures exceeded.</status>
</kw>
<msg time="2025-05-27T02:38:49.756086" level="FAIL">Maximum limit of started keywords and control structures exceeded.</msg>
<var>${content}</var>
<arg>${file_path}</arg>
<status status="FAIL" start="2025-05-27T02:38:49.751079" elapsed="0.005007">Maximum limit of started keywords and control structures exceeded.</status>
</kw>
<msg time="2025-05-27T02:38:49.757095" level="FAIL">Maximum limit of started keywords and control structures exceeded.</msg>
<var>${content}</var>
<arg>${file_path}</arg>
<status status="FAIL" start="2025-05-27T02:38:49.751079" elapsed="0.006016">Maximum limit of started keywords and control structures exceeded.</status>
</kw>
<msg time="2025-05-27T02:38:49.757095" level="FAIL">Maximum limit of started keywords and control structures exceeded.</msg>
<var>${content}</var>
<arg>${file_path}</arg>
<status status="FAIL" start="2025-05-27T02:38:49.749969" elapsed="0.007126">Maximum limit of started keywords and control structures exceeded.</status>
</kw>
<msg time="2025-05-27T02:38:49.757095" level="FAIL">Maximum limit of started keywords and control structures exceeded.</msg>
<var>${content}</var>
<arg>${file_path}</arg>
<status status="FAIL" start="2025-05-27T02:38:49.749969" elapsed="0.007126">Maximum limit of started keywords and control structures exceeded.</status>
</kw>
<msg time="2025-05-27T02:38:49.757095" level="FAIL">Maximum limit of started keywords and control structures exceeded.</msg>
<var>${content}</var>
<arg>${file_path}</arg>
<status status="FAIL" start="2025-05-27T02:38:49.749969" elapsed="0.007126">Maximum limit of started keywords and control structures exceeded.</status>
</kw>
<msg time="2025-05-27T02:38:49.757095" level="FAIL">Maximum limit of started keywords and control structures exceeded.</msg>
<var>${content}</var>
<arg>${file_path}</arg>
<status status="FAIL" start="2025-05-27T02:38:49.748922" elapsed="0.008173">Maximum limit of started keywords and control structures exceeded.</status>
</kw>
<msg time="2025-05-27T02:38:49.757095" level="FAIL">Maximum limit of started keywords and control structures exceeded.</msg>
<var>${content}</var>
<arg>${file_path}</arg>
<status status="FAIL" start="2025-05-27T02:38:49.747927" elapsed="0.009168">Maximum limit of started keywords and control structures exceeded.</status>
</kw>
<msg time="2025-05-27T02:38:49.757095" level="FAIL">Maximum limit of started keywords and control structures exceeded.</msg>
<var>${content}</var>
<arg>${file_path}</arg>
<status status="FAIL" start="2025-05-27T02:38:49.747927" elapsed="0.009168">Maximum limit of started keywords and control structures exceeded.</status>
</kw>
<msg time="2025-05-27T02:38:49.757095" level="FAIL">Maximum limit of started keywords and control structures exceeded.</msg>
<var>${content}</var>
<arg>${file_path}</arg>
<status status="FAIL" start="2025-05-27T02:38:49.747927" elapsed="0.009168">Maximum limit of started keywords and control structures exceeded.</status>
</kw>
<msg time="2025-05-27T02:38:49.757095" level="FAIL">Maximum limit of started keywords and control structures exceeded.</msg>
<var>${content}</var>
<arg>${file_path}</arg>
<status status="FAIL" start="2025-05-27T02:38:49.747927" elapsed="0.009168">Maximum limit of started keywords and control structures exceeded.</status>
</kw>
<msg time="2025-05-27T02:38:49.757095" level="FAIL">Maximum limit of started keywords and control structures exceeded.</msg>
<var>${content}</var>
<arg>${file_path}</arg>
<status status="FAIL" start="2025-05-27T02:38:49.746922" elapsed="0.010173">Maximum limit of started keywords and control structures exceeded.</status>
</kw>
<msg time="2025-05-27T02:38:49.758086" level="FAIL">Maximum limit of started keywords and control structures exceeded.</msg>
<var>${content}</var>
<arg>${file_path}</arg>
<status status="FAIL" start="2025-05-27T02:38:49.746922" elapsed="0.011164">Maximum limit of started keywords and control structures exceeded.</status>
</kw>
<msg time="2025-05-27T02:38:49.758086" level="FAIL">Maximum limit of started keywords and control structures exceeded.</msg>
<var>${content}</var>
<arg>${file_path}</arg>
<status status="FAIL" start="2025-05-27T02:38:49.746922" elapsed="0.011164">Maximum limit of started keywords and control structures exceeded.</status>
</kw>
<msg time="2025-05-27T02:38:49.758086" level="FAIL">Maximum limit of started keywords and control structures exceeded.</msg>
<var>${content}</var>
<arg>${file_path}</arg>
<status status="FAIL" start="2025-05-27T02:38:49.746922" elapsed="0.011164">Maximum limit of started keywords and control structures exceeded.</status>
</kw>
<msg time="2025-05-27T02:38:49.758086" level="FAIL">Maximum limit of started keywords and control structures exceeded.</msg>
<var>${content}</var>
<arg>${file_path}</arg>
<status status="FAIL" start="2025-05-27T02:38:49.745790" elapsed="0.012296">Maximum limit of started keywords and control structures exceeded.</status>
</kw>
<msg time="2025-05-27T02:38:49.758086" level="FAIL">Maximum limit of started keywords and control structures exceeded.</msg>
<var>${content}</var>
<arg>${file_path}</arg>
<status status="FAIL" start="2025-05-27T02:38:49.745790" elapsed="0.012296">Maximum limit of started keywords and control structures exceeded.</status>
</kw>
<msg time="2025-05-27T02:38:49.759104" level="FAIL">Maximum limit of started keywords and control structures exceeded.</msg>
<var>${content}</var>
<arg>${file_path}</arg>
<status status="FAIL" start="2025-05-27T02:38:49.745790" elapsed="0.013314">Maximum limit of started keywords and control structures exceeded.</status>
</kw>
<msg time="2025-05-27T02:38:49.759104" level="FAIL">Maximum limit of started keywords and control structures exceeded.</msg>
<var>${content}</var>
<arg>${file_path}</arg>
<status status="FAIL" start="2025-05-27T02:38:49.745790" elapsed="0.013314">Maximum limit of started keywords and control structures exceeded.</status>
</kw>
<msg time="2025-05-27T02:38:49.759104" level="FAIL">Maximum limit of started keywords and control structures exceeded.</msg>
<var>${content}</var>
<arg>${file_path}</arg>
<status status="FAIL" start="2025-05-27T02:38:49.745790" elapsed="0.013314">Maximum limit of started keywords and control structures exceeded.</status>
</kw>
<msg time="2025-05-27T02:38:49.759104" level="FAIL">Maximum limit of started keywords and control structures exceeded.</msg>
<var>${content}</var>
<arg>${file_path}</arg>
<status status="FAIL" start="2025-05-27T02:38:49.745790" elapsed="0.013314">Maximum limit of started keywords and control structures exceeded.</status>
</kw>
<msg time="2025-05-27T02:38:49.760077" level="FAIL">Maximum limit of started keywords and control structures exceeded.</msg>
<var>${content}</var>
<arg>${file_path}</arg>
<status status="FAIL" start="2025-05-27T02:38:49.745790" elapsed="0.014287">Maximum limit of started keywords and control structures exceeded.</status>
</kw>
<msg time="2025-05-27T02:38:49.760077" level="FAIL">Maximum limit of started keywords and control structures exceeded.</msg>
<var>${content}</var>
<arg>${file_path}</arg>
<status status="FAIL" start="2025-05-27T02:38:49.744785" elapsed="0.015292">Maximum limit of started keywords and control structures exceeded.</status>
</kw>
<msg time="2025-05-27T02:38:49.760077" level="FAIL">Maximum limit of started keywords and control structures exceeded.</msg>
<var>${content}</var>
<arg>${file_path}</arg>
<status status="FAIL" start="2025-05-27T02:38:49.744785" elapsed="0.015292">Maximum limit of started keywords and control structures exceeded.</status>
</kw>
<msg time="2025-05-27T02:38:49.760077" level="FAIL">Maximum limit of started keywords and control structures exceeded.</msg>
<var>${content}</var>
<arg>${file_path}</arg>
<status status="FAIL" start="2025-05-27T02:38:49.743796" elapsed="0.016281">Maximum limit of started keywords and control structures exceeded.</status>
</kw>
<msg time="2025-05-27T02:38:49.760077" level="FAIL">Maximum limit of started keywords and control structures exceeded.</msg>
<var>${content}</var>
<arg>${file_path}</arg>
<status status="FAIL" start="2025-05-27T02:38:49.743796" elapsed="0.016281">Maximum limit of started keywords and control structures exceeded.</status>
</kw>
<msg time="2025-05-27T02:38:49.760077" level="FAIL">Maximum limit of started keywords and control structures exceeded.</msg>
<var>${content}</var>
<arg>${file_path}</arg>
<status status="FAIL" start="2025-05-27T02:38:49.743796" elapsed="0.016281">Maximum limit of started keywords and control structures exceeded.</status>
</kw>
<msg time="2025-05-27T02:38:49.760077" level="FAIL">Maximum limit of started keywords and control structures exceeded.</msg>
<var>${content}</var>
<arg>${file_path}</arg>
<status status="FAIL" start="2025-05-27T02:38:49.743796" elapsed="0.016281">Maximum limit of started keywords and control structures exceeded.</status>
</kw>
<msg time="2025-05-27T02:38:49.760077" level="FAIL">Maximum limit of started keywords and control structures exceeded.</msg>
<var>${content}</var>
<arg>${file_path}</arg>
<status status="FAIL" start="2025-05-27T02:38:49.742796" elapsed="0.017281">Maximum limit of started keywords and control structures exceeded.</status>
</kw>
<msg time="2025-05-27T02:38:49.761715" level="FAIL">Maximum limit of started keywords and control structures exceeded.</msg>
<var>${content}</var>
<arg>${file_path}</arg>
<status status="FAIL" start="2025-05-27T02:38:49.741795" elapsed="0.019920">Maximum limit of started keywords and control structures exceeded.</status>
</kw>
<msg time="2025-05-27T02:38:49.761715" level="FAIL">Maximum limit of started keywords and control structures exceeded.</msg>
<var>${content}</var>
<arg>${file_path}</arg>
<status status="FAIL" start="2025-05-27T02:38:49.741795" elapsed="0.019920">Maximum limit of started keywords and control structures exceeded.</status>
</kw>
<msg time="2025-05-27T02:38:49.761715" level="FAIL">Maximum limit of started keywords and control structures exceeded.</msg>
<var>${content}</var>
<arg>${file_path}</arg>
<status status="FAIL" start="2025-05-27T02:38:49.741795" elapsed="0.019920">Maximum limit of started keywords and control structures exceeded.</status>
</kw>
<msg time="2025-05-27T02:38:49.761715" level="FAIL">Maximum limit of started keywords and control structures exceeded.</msg>
<var>${content}</var>
<arg>${file_path}</arg>
<status status="FAIL" start="2025-05-27T02:38:49.741795" elapsed="0.019920">Maximum limit of started keywords and control structures exceeded.</status>
</kw>
<msg time="2025-05-27T02:38:49.761715" level="FAIL">Maximum limit of started keywords and control structures exceeded.</msg>
<var>${content}</var>
<arg>${file_path}</arg>
<status status="FAIL" start="2025-05-27T02:38:49.741795" elapsed="0.019920">Maximum limit of started keywords and control structures exceeded.</status>
</kw>
<msg time="2025-05-27T02:38:49.761715" level="FAIL">Maximum limit of started keywords and control structures exceeded.</msg>
<var>${content}</var>
<arg>${file_path}</arg>
<status status="FAIL" start="2025-05-27T02:38:49.741795" elapsed="0.019920">Maximum limit of started keywords and control structures exceeded.</status>
</kw>
<msg time="2025-05-27T02:38:49.761715" level="FAIL">Maximum limit of started keywords and control structures exceeded.</msg>
<var>${content}</var>
<arg>${file_path}</arg>
<status status="FAIL" start="2025-05-27T02:38:49.741795" elapsed="0.019920">Maximum limit of started keywords and control structures exceeded.</status>
</kw>
<msg time="2025-05-27T02:38:49.761715" level="FAIL">Maximum limit of started keywords and control structures exceeded.</msg>
<var>${content}</var>
<arg>${file_path}</arg>
<status status="FAIL" start="2025-05-27T02:38:49.741795" elapsed="0.019920">Maximum limit of started keywords and control structures exceeded.</status>
</kw>
<msg time="2025-05-27T02:38:49.761715" level="FAIL">Maximum limit of started keywords and control structures exceeded.</msg>
<var>${content}</var>
<arg>${file_path}</arg>
<status status="FAIL" start="2025-05-27T02:38:49.740796" elapsed="0.020919">Maximum limit of started keywords and control structures exceeded.</status>
</kw>
<msg time="2025-05-27T02:38:49.761715" level="FAIL">Maximum limit of started keywords and control structures exceeded.</msg>
<var>${content}</var>
<arg>${file_path}</arg>
<status status="FAIL" start="2025-05-27T02:38:49.740796" elapsed="0.020919">Maximum limit of started keywords and control structures exceeded.</status>
</kw>
<msg time="2025-05-27T02:38:49.761715" level="FAIL">Maximum limit of started keywords and control structures exceeded.</msg>
<var>${content}</var>
<arg>${file_path}</arg>
<status status="FAIL" start="2025-05-27T02:38:49.740796" elapsed="0.020919">Maximum limit of started keywords and control structures exceeded.</status>
</kw>
<msg time="2025-05-27T02:38:49.762847" level="FAIL">Maximum limit of started keywords and control structures exceeded.</msg>
<var>${content}</var>
<arg>${file_path}</arg>
<status status="FAIL" start="2025-05-27T02:38:49.740796" elapsed="0.022051">Maximum limit of started keywords and control structures exceeded.</status>
</kw>
<msg time="2025-05-27T02:38:49.762847" level="FAIL">Maximum limit of started keywords and control structures exceeded.</msg>
<var>${content}</var>
<arg>${file_path}</arg>
<status status="FAIL" start="2025-05-27T02:38:49.740796" elapsed="0.022051">Maximum limit of started keywords and control structures exceeded.</status>
</kw>
<msg time="2025-05-27T02:38:49.762847" level="FAIL">Maximum limit of started keywords and control structures exceeded.</msg>
<var>${content}</var>
<arg>${file_path}</arg>
<status status="FAIL" start="2025-05-27T02:38:49.740796" elapsed="0.022051">Maximum limit of started keywords and control structures exceeded.</status>
</kw>
<msg time="2025-05-27T02:38:49.762847" level="FAIL">Maximum limit of started keywords and control structures exceeded.</msg>
<var>${content}</var>
<arg>${file_path}</arg>
<status status="FAIL" start="2025-05-27T02:38:49.740796" elapsed="0.022051">Maximum limit of started keywords and control structures exceeded.</status>
</kw>
<msg time="2025-05-27T02:38:49.762847" level="FAIL">Maximum limit of started keywords and control structures exceeded.</msg>
<var>${content}</var>
<arg>${file_path}</arg>
<status status="FAIL" start="2025-05-27T02:38:49.740796" elapsed="0.022051">Maximum limit of started keywords and control structures exceeded.</status>
</kw>
<msg time="2025-05-27T02:38:49.762847" level="FAIL">Maximum limit of started keywords and control structures exceeded.</msg>
<var>${content}</var>
<arg>${file_path}</arg>
<status status="FAIL" start="2025-05-27T02:38:49.739793" elapsed="0.023054">Maximum limit of started keywords and control structures exceeded.</status>
</kw>
<msg time="2025-05-27T02:38:49.763856" level="FAIL">Maximum limit of started keywords and control structures exceeded.</msg>
<var>${content}</var>
<arg>${file_path}</arg>
<status status="FAIL" start="2025-05-27T02:38:49.739793" elapsed="0.024063">Maximum limit of started keywords and control structures exceeded.</status>
</kw>
<msg time="2025-05-27T02:38:49.763856" level="FAIL">Maximum limit of started keywords and control structures exceeded.</msg>
<var>${content}</var>
<arg>${file_path}</arg>
<status status="FAIL" start="2025-05-27T02:38:49.739793" elapsed="0.024063">Maximum limit of started keywords and control structures exceeded.</status>
</kw>
<msg time="2025-05-27T02:38:49.763856" level="FAIL">Maximum limit of started keywords and control structures exceeded.</msg>
<var>${content}</var>
<arg>${file_path}</arg>
<status status="FAIL" start="2025-05-27T02:38:49.739793" elapsed="0.024063">Maximum limit of started keywords and control structures exceeded.</status>
</kw>
<msg time="2025-05-27T02:38:49.763856" level="FAIL">Maximum limit of started keywords and control structures exceeded.</msg>
<var>${content}</var>
<arg>${file_path}</arg>
<status status="FAIL" start="2025-05-27T02:38:49.739793" elapsed="0.024063">Maximum limit of started keywords and control structures exceeded.</status>
</kw>
<msg time="2025-05-27T02:38:49.763856" level="FAIL">Maximum limit of started keywords and control structures exceeded.</msg>
<var>${content}</var>
<arg>${file_path}</arg>
<status status="FAIL" start="2025-05-27T02:38:49.739793" elapsed="0.024063">Maximum limit of started keywords and control structures exceeded.</status>
</kw>
<msg time="2025-05-27T02:38:49.763856" level="FAIL">Maximum limit of started keywords and control structures exceeded.</msg>
<var>${content}</var>
<arg>${file_path}</arg>
<status status="FAIL" start="2025-05-27T02:38:49.739793" elapsed="0.024063">Maximum limit of started keywords and control structures exceeded.</status>
</kw>
<msg time="2025-05-27T02:38:49.763856" level="FAIL">Maximum limit of started keywords and control structures exceeded.</msg>
<var>${content}</var>
<arg>${file_path}</arg>
<status status="FAIL" start="2025-05-27T02:38:49.739793" elapsed="0.024063">Maximum limit of started keywords and control structures exceeded.</status>
</kw>
<msg time="2025-05-27T02:38:49.763856" level="FAIL">Maximum limit of started keywords and control structures exceeded.</msg>
<var>${content}</var>
<arg>${file_path}</arg>
<status status="FAIL" start="2025-05-27T02:38:49.738794" elapsed="0.025062">Maximum limit of started keywords and control structures exceeded.</status>
</kw>
<msg time="2025-05-27T02:38:49.763856" level="FAIL">Maximum limit of started keywords and control structures exceeded.</msg>
<var>${content}</var>
<arg>${file_path}</arg>
<status status="FAIL" start="2025-05-27T02:38:49.738794" elapsed="0.025062">Maximum limit of started keywords and control structures exceeded.</status>
</kw>
<msg time="2025-05-27T02:38:49.763856" level="FAIL">Maximum limit of started keywords and control structures exceeded.</msg>
<var>${content}</var>
<arg>${file_path}</arg>
<status status="FAIL" start="2025-05-27T02:38:49.738794" elapsed="0.025062">Maximum limit of started keywords and control structures exceeded.</status>
</kw>
<msg time="2025-05-27T02:38:49.763856" level="FAIL">Maximum limit of started keywords and control structures exceeded.</msg>
<var>${content}</var>
<arg>${file_path}</arg>
<status status="FAIL" start="2025-05-27T02:38:49.738794" elapsed="0.025062">Maximum limit of started keywords and control structures exceeded.</status>
</kw>
<msg time="2025-05-27T02:38:49.764846" level="FAIL">Maximum limit of started keywords and control structures exceeded.</msg>
<var>${content}</var>
<arg>${file_path}</arg>
<status status="FAIL" start="2025-05-27T02:38:49.738794" elapsed="0.026052">Maximum limit of started keywords and control structures exceeded.</status>
</kw>
<msg time="2025-05-27T02:38:49.764846" level="FAIL">Maximum limit of started keywords and control structures exceeded.</msg>
<var>${content}</var>
<arg>${file_path}</arg>
<status status="FAIL" start="2025-05-27T02:38:49.738794" elapsed="0.026052">Maximum limit of started keywords and control structures exceeded.</status>
</kw>
<msg time="2025-05-27T02:38:49.764846" level="FAIL">Maximum limit of started keywords and control structures exceeded.</msg>
<var>${content}</var>
<arg>${file_path}</arg>
<status status="FAIL" start="2025-05-27T02:38:49.738794" elapsed="0.026052">Maximum limit of started keywords and control structures exceeded.</status>
</kw>
<msg time="2025-05-27T02:38:49.764846" level="FAIL">Maximum limit of started keywords and control structures exceeded.</msg>
<var>${content}</var>
<arg>${file_path}</arg>
<status status="FAIL" start="2025-05-27T02:38:49.737803" elapsed="0.027043">Maximum limit of started keywords and control structures exceeded.</status>
</kw>
<msg time="2025-05-27T02:38:49.764846" level="FAIL">Maximum limit of started keywords and control structures exceeded.</msg>
<var>${content}</var>
<arg>${file_path}</arg>
<status status="FAIL" start="2025-05-27T02:38:49.737803" elapsed="0.027043">Maximum limit of started keywords and control structures exceeded.</status>
</kw>
<msg time="2025-05-27T02:38:49.764846" level="FAIL">Maximum limit of started keywords and control structures exceeded.</msg>
<var>${content}</var>
<arg>${file_path}</arg>
<status status="FAIL" start="2025-05-27T02:38:49.737803" elapsed="0.027043">Maximum limit of started keywords and control structures exceeded.</status>
</kw>
<msg time="2025-05-27T02:38:49.764846" level="FAIL">Maximum limit of started keywords and control structures exceeded.</msg>
<var>${content}</var>
<arg>${file_path}</arg>
<status status="FAIL" start="2025-05-27T02:38:49.737803" elapsed="0.027043">Maximum limit of started keywords and control structures exceeded.</status>
</kw>
<msg time="2025-05-27T02:38:49.764846" level="FAIL">Maximum limit of started keywords and control structures exceeded.</msg>
<var>${content}</var>
<arg>${file_path}</arg>
<status status="FAIL" start="2025-05-27T02:38:49.737803" elapsed="0.027043">Maximum limit of started keywords and control structures exceeded.</status>
</kw>
<msg time="2025-05-27T02:38:49.764846" level="FAIL">Maximum limit of started keywords and control structures exceeded.</msg>
<var>${content}</var>
<arg>${file_path}</arg>
<status status="FAIL" start="2025-05-27T02:38:49.737803" elapsed="0.027043">Maximum limit of started keywords and control structures exceeded.</status>
</kw>
<msg time="2025-05-27T02:38:49.764846" level="FAIL">Maximum limit of started keywords and control structures exceeded.</msg>
<var>${content}</var>
<arg>${file_path}</arg>
<status status="FAIL" start="2025-05-27T02:38:49.737803" elapsed="0.027043">Maximum limit of started keywords and control structures exceeded.</status>
</kw>
<msg time="2025-05-27T02:38:49.764846" level="FAIL">Maximum limit of started keywords and control structures exceeded.</msg>
<var>${content}</var>
<arg>${file_path}</arg>
<status status="FAIL" start="2025-05-27T02:38:49.737803" elapsed="0.027043">Maximum limit of started keywords and control structures exceeded.</status>
</kw>
<msg time="2025-05-27T02:38:49.764846" level="FAIL">Maximum limit of started keywords and control structures exceeded.</msg>
<var>${content}</var>
<arg>${file_path}</arg>
<status status="FAIL" start="2025-05-27T02:38:49.737803" elapsed="0.027043">Maximum limit of started keywords and control structures exceeded.</status>
</kw>
<msg time="2025-05-27T02:38:49.764846" level="FAIL">Maximum limit of started keywords and control structures exceeded.</msg>
<var>${content}</var>
<arg>${file_path}</arg>
<status status="FAIL" start="2025-05-27T02:38:49.736796" elapsed="0.028050">Maximum limit of started keywords and control structures exceeded.</status>
</kw>
<msg time="2025-05-27T02:38:49.765877" level="FAIL">Maximum limit of started keywords and control structures exceeded.</msg>
<var>${content}</var>
<arg>${file_path}</arg>
<status status="FAIL" start="2025-05-27T02:38:49.736796" elapsed="0.029081">Maximum limit of started keywords and control structures exceeded.</status>
</kw>
<msg time="2025-05-27T02:38:49.765877" level="FAIL">Maximum limit of started keywords and control structures exceeded.</msg>
<var>${content}</var>
<arg>${file_path}</arg>
<status status="FAIL" start="2025-05-27T02:38:49.736796" elapsed="0.029081">Maximum limit of started keywords and control structures exceeded.</status>
</kw>
<msg time="2025-05-27T02:38:49.765877" level="FAIL">Maximum limit of started keywords and control structures exceeded.</msg>
<var>${content}</var>
<arg>${file_path}</arg>
<status status="FAIL" start="2025-05-27T02:38:49.736796" elapsed="0.029081">Maximum limit of started keywords and control structures exceeded.</status>
</kw>
<msg time="2025-05-27T02:38:49.765877" level="FAIL">Maximum limit of started keywords and control structures exceeded.</msg>
<var>${content}</var>
<arg>${file_path}</arg>
<status status="FAIL" start="2025-05-27T02:38:49.736796" elapsed="0.029081">Maximum limit of started keywords and control structures exceeded.</status>
</kw>
<msg time="2025-05-27T02:38:49.765877" level="FAIL">Maximum limit of started keywords and control structures exceeded.</msg>
<var>${content}</var>
<arg>${file_path}</arg>
<status status="FAIL" start="2025-05-27T02:38:49.735797" elapsed="0.030080">Maximum limit of started keywords and control structures exceeded.</status>
</kw>
<msg time="2025-05-27T02:38:49.765877" level="FAIL">Maximum limit of started keywords and control structures exceeded.</msg>
<var>${content}</var>
<arg>${file_path}</arg>
<status status="FAIL" start="2025-05-27T02:38:49.735797" elapsed="0.030080">Maximum limit of started keywords and control structures exceeded.</status>
</kw>
<msg time="2025-05-27T02:38:49.765877" level="FAIL">Maximum limit of started keywords and control structures exceeded.</msg>
<var>${content}</var>
<arg>${file_path}</arg>
<status status="FAIL" start="2025-05-27T02:38:49.735797" elapsed="0.030080">Maximum limit of started keywords and control structures exceeded.</status>
</kw>
<msg time="2025-05-27T02:38:49.765877" level="FAIL">Maximum limit of started keywords and control structures exceeded.</msg>
<var>${content}</var>
<arg>${file_path}</arg>
<status status="FAIL" start="2025-05-27T02:38:49.735797" elapsed="0.030080">Maximum limit of started keywords and control structures exceeded.</status>
</kw>
<msg time="2025-05-27T02:38:49.765877" level="FAIL">Maximum limit of started keywords and control structures exceeded.</msg>
<var>${content}</var>
<arg>${file_path}</arg>
<status status="FAIL" start="2025-05-27T02:38:49.735797" elapsed="0.030080">Maximum limit of started keywords and control structures exceeded.</status>
</kw>
<msg time="2025-05-27T02:38:49.765877" level="FAIL">Maximum limit of started keywords and control structures exceeded.</msg>
<var>${content}</var>
<arg>${file_path}</arg>
<status status="FAIL" start="2025-05-27T02:38:49.735797" elapsed="0.030080">Maximum limit of started keywords and control structures exceeded.</status>
</kw>
<msg time="2025-05-27T02:38:49.765877" level="FAIL">Maximum limit of started keywords and control structures exceeded.</msg>
<var>${content}</var>
<arg>${file_path}</arg>
<status status="FAIL" start="2025-05-27T02:38:49.735797" elapsed="0.030080">Maximum limit of started keywords and control structures exceeded.</status>
</kw>
<msg time="2025-05-27T02:38:49.766848" level="FAIL">Maximum limit of started keywords and control structures exceeded.</msg>
<var>${content}</var>
<arg>${file_path}</arg>
<status status="FAIL" start="2025-05-27T02:38:49.735797" elapsed="0.031051">Maximum limit of started keywords and control structures exceeded.</status>
</kw>
<msg time="2025-05-27T02:38:49.766848" level="FAIL">Maximum limit of started keywords and control structures exceeded.</msg>
<var>${content}</var>
<arg>${file_path}</arg>
<status status="FAIL" start="2025-05-27T02:38:49.734784" elapsed="0.032064">Maximum limit of started keywords and control structures exceeded.</status>
</kw>
<msg time="2025-05-27T02:38:49.766848" level="FAIL">Maximum limit of started keywords and control structures exceeded.</msg>
<var>${profiles}</var>
<arg>${PROFILE_FILE}</arg>
<status status="FAIL" start="2025-05-27T02:38:49.734784" elapsed="0.032064">Maximum limit of started keywords and control structures exceeded.</status>
</kw>
<errors>
<msg time="2025-05-27T02:38:49.766848" level="ERROR">Maximum limit of started keywords and control structures exceeded.

Try --help for usage information.</msg>
</errors>
</robot>
